{"/Users/mohitrchugh/Desktop/Files/Code/Trello/src/components/AddCard.js": {"path":"/Users/mohitrchugh/Desktop/Files/Code/Trello/src/components/AddCard.js","statementMap":{"0":{"start":{"line":7,"column":16},"end":{"line":58,"column":1}},"1":{"start":{"line":10,"column":4},"end":{"line":10,"column":9}},"2":{"start":{"line":13,"column":34},"end":{"line":13,"column":49}},"3":{"start":{"line":14,"column":38},"end":{"line":14,"column":67}},"4":{"start":{"line":16,"column":2},"end":{"line":57,"column":4}},"5":{"start":{"line":25,"column":12},"end":{"line":25,"column":35}},"6":{"start":{"line":27,"column":12},"end":{"line":27,"column":47}},"7":{"start":{"line":27,"column":26},"end":{"line":27,"column":47}},"8":{"start":{"line":28,"column":12},"end":{"line":28,"column":31}},"9":{"start":{"line":29,"column":12},"end":{"line":29,"column":30}},"10":{"start":{"line":38,"column":29},"end":{"line":38,"column":58}},"11":{"start":{"line":44,"column":46},"end":{"line":44,"column":64}},"12":{"start":{"line":51,"column":25},"end":{"line":51,"column":42}}},"fnMap":{"0":{"name":"(anonymous_0)","decl":{"start":{"line":7,"column":16},"end":{"line":7,"column":17}},"loc":{"start":{"line":7,"column":27},"end":{"line":58,"column":1}},"line":7},"1":{"name":"(anonymous_1)","decl":{"start":{"line":24,"column":20},"end":{"line":24,"column":21}},"loc":{"start":{"line":24,"column":31},"end":{"line":30,"column":11}},"line":24},"2":{"name":"(anonymous_2)","decl":{"start":{"line":38,"column":22},"end":{"line":38,"column":23}},"loc":{"start":{"line":38,"column":29},"end":{"line":38,"column":58}},"line":38},"3":{"name":"(anonymous_3)","decl":{"start":{"line":44,"column":40},"end":{"line":44,"column":41}},"loc":{"start":{"line":44,"column":46},"end":{"line":44,"column":64}},"line":44},"4":{"name":"(anonymous_4)","decl":{"start":{"line":51,"column":19},"end":{"line":51,"column":20}},"loc":{"start":{"line":51,"column":25},"end":{"line":51,"column":42}},"line":51}},"branchMap":{"0":{"loc":{"start":{"line":14,"column":47},"end":{"line":14,"column":66}},"type":"binary-expr","locations":[{"start":{"line":14,"column":47},"end":{"line":14,"column":60}},{"start":{"line":14,"column":64},"end":{"line":14,"column":66}}],"line":14},"1":{"loc":{"start":{"line":20,"column":7},"end":{"line":55,"column":7}},"type":"cond-expr","locations":[{"start":{"line":22,"column":8},"end":{"line":46,"column":15}},{"start":{"line":49,"column":8},"end":{"line":54,"column":12}}],"line":20},"2":{"loc":{"start":{"line":23,"column":38},"end":{"line":23,"column":53}},"type":"binary-expr","locations":[{"start":{"line":23,"column":38},"end":{"line":23,"column":47}},{"start":{"line":23,"column":51},"end":{"line":23,"column":53}}],"line":23},"3":{"loc":{"start":{"line":27,"column":12},"end":{"line":27,"column":47}},"type":"if","locations":[{"start":{"line":27,"column":12},"end":{"line":27,"column":47}},{"start":{},"end":{}}],"line":27},"4":{"loc":{"start":{"line":39,"column":25},"end":{"line":39,"column":52}},"type":"binary-expr","locations":[{"start":{"line":39,"column":25},"end":{"line":39,"column":36}},{"start":{"line":39,"column":40},"end":{"line":39,"column":52}}],"line":39},"5":{"loc":{"start":{"line":43,"column":35},"end":{"line":43,"column":54}},"type":"binary-expr","locations":[{"start":{"line":43,"column":35},"end":{"line":43,"column":45}},{"start":{"line":43,"column":49},"end":{"line":43,"column":54}}],"line":43},"6":{"loc":{"start":{"line":50,"column":37},"end":{"line":50,"column":55}},"type":"binary-expr","locations":[{"start":{"line":50,"column":37},"end":{"line":50,"column":49}},{"start":{"line":50,"column":53},"end":{"line":50,"column":55}}],"line":50},"7":{"loc":{"start":{"line":53,"column":11},"end":{"line":53,"column":29}},"type":"binary-expr","locations":[{"start":{"line":53,"column":11},"end":{"line":53,"column":15}},{"start":{"line":53,"column":19},"end":{"line":53,"column":29}}],"line":53}},"s":{"0":1,"1":1,"2":1,"3":1,"4":1,"5":0,"6":0,"7":0,"8":0,"9":0,"10":0,"11":0,"12":0},"f":{"0":1,"1":0,"2":0,"3":0,"4":0},"b":{"0":[1,1],"1":[0,1],"2":[0,0],"3":[0,0],"4":[0,0],"5":[0,0],"6":[1,0],"7":[1,0]},"_coverageSchema":"1a1c01bbd47fc00a2c39e90264f33305004495a9","hash":"0773dd4c2de43ef5628ff3d45cd68da05190b59d"}
,"/Users/mohitrchugh/Desktop/Files/Code/Trello/src/components/Board.js": {"path":"/Users/mohitrchugh/Desktop/Files/Code/Trello/src/components/Board.js","statementMap":{"0":{"start":{"line":9,"column":14},"end":{"line":53,"column":1}},"1":{"start":{"line":10,"column":2},"end":{"line":52,"column":4}},"2":{"start":{"line":24,"column":29},"end":{"line":24,"column":63}},"3":{"start":{"line":33,"column":10},"end":{"line":41,"column":12}},"4":{"start":{"line":48,"column":31},"end":{"line":48,"column":68}}},"fnMap":{"0":{"name":"(anonymous_0)","decl":{"start":{"line":9,"column":14},"end":{"line":9,"column":15}},"loc":{"start":{"line":9,"column":25},"end":{"line":53,"column":1}},"line":9},"1":{"name":"(anonymous_1)","decl":{"start":{"line":24,"column":23},"end":{"line":24,"column":24}},"loc":{"start":{"line":24,"column":29},"end":{"line":24,"column":63}},"line":24},"2":{"name":"(anonymous_2)","decl":{"start":{"line":32,"column":33},"end":{"line":32,"column":34}},"loc":{"start":{"line":33,"column":10},"end":{"line":41,"column":12}},"line":33},"3":{"name":"(anonymous_3)","decl":{"start":{"line":48,"column":20},"end":{"line":48,"column":21}},"loc":{"start":{"line":48,"column":31},"end":{"line":48,"column":68}},"line":48}},"branchMap":{},"s":{"0":1,"1":0,"2":0,"3":0,"4":0},"f":{"0":0,"1":0,"2":0,"3":0},"b":{},"_coverageSchema":"1a1c01bbd47fc00a2c39e90264f33305004495a9","hash":"9313f0495ff55265d38c93d943ee4abcdd31f889"}
,"/Users/mohitrchugh/Desktop/Files/Code/Trello/src/components/Body.js": {"path":"/Users/mohitrchugh/Desktop/Files/Code/Trello/src/components/Body.js","statementMap":{"0":{"start":{"line":7,"column":13},"end":{"line":162,"column":1}},"1":{"start":{"line":9,"column":24},"end":{"line":9,"column":79}},"2":{"start":{"line":10,"column":30},"end":{"line":10,"column":53}},"3":{"start":{"line":13,"column":30},"end":{"line":16,"column":4}},"4":{"start":{"line":19,"column":2},"end":{"line":21,"column":15}},"5":{"start":{"line":20,"column":4},"end":{"line":20,"column":66}},"6":{"start":{"line":24,"column":18},"end":{"line":43,"column":3}},"7":{"start":{"line":26,"column":17},"end":{"line":33,"column":5}},"8":{"start":{"line":36,"column":18},"end":{"line":36,"column":61}},"9":{"start":{"line":36,"column":45},"end":{"line":36,"column":60}},"10":{"start":{"line":37,"column":4},"end":{"line":37,"column":26}},"11":{"start":{"line":37,"column":19},"end":{"line":37,"column":26}},"12":{"start":{"line":40,"column":23},"end":{"line":40,"column":34}},"13":{"start":{"line":41,"column":4},"end":{"line":41,"column":39}},"14":{"start":{"line":42,"column":4},"end":{"line":42,"column":26}},"15":{"start":{"line":46,"column":21},"end":{"line":59,"column":3}},"16":{"start":{"line":48,"column":19},"end":{"line":48,"column":62}},"17":{"start":{"line":48,"column":46},"end":{"line":48,"column":61}},"18":{"start":{"line":49,"column":4},"end":{"line":49,"column":27}},"19":{"start":{"line":49,"column":20},"end":{"line":49,"column":27}},"20":{"start":{"line":52,"column":19},"end":{"line":52,"column":76}},"21":{"start":{"line":52,"column":60},"end":{"line":52,"column":75}},"22":{"start":{"line":53,"column":4},"end":{"line":53,"column":27}},"23":{"start":{"line":53,"column":20},"end":{"line":53,"column":27}},"24":{"start":{"line":56,"column":23},"end":{"line":56,"column":34}},"25":{"start":{"line":57,"column":4},"end":{"line":57,"column":47}},"26":{"start":{"line":58,"column":4},"end":{"line":58,"column":26}},"27":{"start":{"line":62,"column":19},"end":{"line":72,"column":3}},"28":{"start":{"line":64,"column":4},"end":{"line":71,"column":7}},"29":{"start":{"line":75,"column":22},"end":{"line":79,"column":3}},"30":{"start":{"line":77,"column":23},"end":{"line":77,"column":63}},"31":{"start":{"line":77,"column":47},"end":{"line":77,"column":62}},"32":{"start":{"line":78,"column":4},"end":{"line":78,"column":26}},"33":{"start":{"line":82,"column":26},"end":{"line":87,"column":3}},"34":{"start":{"line":83,"column":4},"end":{"line":86,"column":7}},"35":{"start":{"line":90,"column":24},"end":{"line":115,"column":3}},"36":{"start":{"line":94,"column":4},"end":{"line":94,"column":59}},"37":{"start":{"line":94,"column":42},"end":{"line":94,"column":57}},"38":{"start":{"line":95,"column":4},"end":{"line":95,"column":29}},"39":{"start":{"line":95,"column":22},"end":{"line":95,"column":29}},"40":{"start":{"line":96,"column":4},"end":{"line":96,"column":76}},"41":{"start":{"line":96,"column":59},"end":{"line":96,"column":74}},"42":{"start":{"line":97,"column":4},"end":{"line":97,"column":29}},"43":{"start":{"line":97,"column":22},"end":{"line":97,"column":29}},"44":{"start":{"line":100,"column":4},"end":{"line":100,"column":66}},"45":{"start":{"line":100,"column":42},"end":{"line":100,"column":64}},"46":{"start":{"line":101,"column":4},"end":{"line":101,"column":29}},"47":{"start":{"line":101,"column":22},"end":{"line":101,"column":29}},"48":{"start":{"line":102,"column":4},"end":{"line":104,"column":6}},"49":{"start":{"line":103,"column":16},"end":{"line":103,"column":38}},"50":{"start":{"line":105,"column":4},"end":{"line":105,"column":29}},"51":{"start":{"line":105,"column":22},"end":{"line":105,"column":29}},"52":{"start":{"line":108,"column":23},"end":{"line":108,"column":34}},"53":{"start":{"line":109,"column":21},"end":{"line":109,"column":57}},"54":{"start":{"line":111,"column":4},"end":{"line":111,"column":51}},"55":{"start":{"line":112,"column":4},"end":{"line":112,"column":61}},"56":{"start":{"line":114,"column":4},"end":{"line":114,"column":26}},"57":{"start":{"line":118,"column":21},"end":{"line":129,"column":3}},"58":{"start":{"line":120,"column":19},"end":{"line":120,"column":62}},"59":{"start":{"line":120,"column":46},"end":{"line":120,"column":61}},"60":{"start":{"line":121,"column":4},"end":{"line":121,"column":27}},"61":{"start":{"line":121,"column":20},"end":{"line":121,"column":27}},"62":{"start":{"line":122,"column":19},"end":{"line":122,"column":76}},"63":{"start":{"line":122,"column":60},"end":{"line":122,"column":75}},"64":{"start":{"line":123,"column":4},"end":{"line":123,"column":27}},"65":{"start":{"line":123,"column":20},"end":{"line":123,"column":27}},"66":{"start":{"line":126,"column":23},"end":{"line":126,"column":34}},"67":{"start":{"line":127,"column":4},"end":{"line":127,"column":44}},"68":{"start":{"line":128,"column":4},"end":{"line":128,"column":26}},"69":{"start":{"line":131,"column":2},"end":{"line":161,"column":4}},"70":{"start":{"line":138,"column":12},"end":{"line":147,"column":14}},"71":{"start":{"line":155,"column":35},"end":{"line":155,"column":50}}},"fnMap":{"0":{"name":"(anonymous_0)","decl":{"start":{"line":7,"column":13},"end":{"line":7,"column":14}},"loc":{"start":{"line":7,"column":19},"end":{"line":162,"column":1}},"line":7},"1":{"name":"(anonymous_1)","decl":{"start":{"line":19,"column":12},"end":{"line":19,"column":13}},"loc":{"start":{"line":19,"column":18},"end":{"line":21,"column":3}},"line":19},"2":{"name":"(anonymous_2)","decl":{"start":{"line":24,"column":18},"end":{"line":24,"column":19}},"loc":{"start":{"line":24,"column":34},"end":{"line":43,"column":3}},"line":24},"3":{"name":"(anonymous_3)","decl":{"start":{"line":36,"column":35},"end":{"line":36,"column":36}},"loc":{"start":{"line":36,"column":45},"end":{"line":36,"column":60}},"line":36},"4":{"name":"(anonymous_4)","decl":{"start":{"line":46,"column":21},"end":{"line":46,"column":22}},"loc":{"start":{"line":46,"column":35},"end":{"line":59,"column":3}},"line":46},"5":{"name":"(anonymous_5)","decl":{"start":{"line":48,"column":36},"end":{"line":48,"column":37}},"loc":{"start":{"line":48,"column":46},"end":{"line":48,"column":61}},"line":48},"6":{"name":"(anonymous_6)","decl":{"start":{"line":52,"column":50},"end":{"line":52,"column":51}},"loc":{"start":{"line":52,"column":60},"end":{"line":52,"column":75}},"line":52},"7":{"name":"(anonymous_7)","decl":{"start":{"line":62,"column":19},"end":{"line":62,"column":20}},"loc":{"start":{"line":62,"column":30},"end":{"line":72,"column":3}},"line":62},"8":{"name":"(anonymous_8)","decl":{"start":{"line":75,"column":22},"end":{"line":75,"column":23}},"loc":{"start":{"line":75,"column":31},"end":{"line":79,"column":3}},"line":75},"9":{"name":"(anonymous_9)","decl":{"start":{"line":77,"column":37},"end":{"line":77,"column":38}},"loc":{"start":{"line":77,"column":47},"end":{"line":77,"column":62}},"line":77},"10":{"name":"(anonymous_10)","decl":{"start":{"line":82,"column":26},"end":{"line":82,"column":27}},"loc":{"start":{"line":82,"column":40},"end":{"line":87,"column":3}},"line":82},"11":{"name":"(anonymous_11)","decl":{"start":{"line":90,"column":24},"end":{"line":90,"column":25}},"loc":{"start":{"line":90,"column":38},"end":{"line":115,"column":3}},"line":90},"12":{"name":"(anonymous_12)","decl":{"start":{"line":94,"column":32},"end":{"line":94,"column":33}},"loc":{"start":{"line":94,"column":42},"end":{"line":94,"column":57}},"line":94},"13":{"name":"(anonymous_13)","decl":{"start":{"line":96,"column":49},"end":{"line":96,"column":50}},"loc":{"start":{"line":96,"column":59},"end":{"line":96,"column":74}},"line":96},"14":{"name":"(anonymous_14)","decl":{"start":{"line":100,"column":32},"end":{"line":100,"column":33}},"loc":{"start":{"line":100,"column":42},"end":{"line":100,"column":64}},"line":100},"15":{"name":"(anonymous_15)","decl":{"start":{"line":103,"column":6},"end":{"line":103,"column":7}},"loc":{"start":{"line":103,"column":16},"end":{"line":103,"column":38}},"line":103},"16":{"name":"(anonymous_16)","decl":{"start":{"line":118,"column":21},"end":{"line":118,"column":22}},"loc":{"start":{"line":118,"column":41},"end":{"line":129,"column":3}},"line":118},"17":{"name":"(anonymous_17)","decl":{"start":{"line":120,"column":36},"end":{"line":120,"column":37}},"loc":{"start":{"line":120,"column":46},"end":{"line":120,"column":61}},"line":120},"18":{"name":"(anonymous_18)","decl":{"start":{"line":122,"column":50},"end":{"line":122,"column":51}},"loc":{"start":{"line":122,"column":60},"end":{"line":122,"column":75}},"line":122},"19":{"name":"(anonymous_19)","decl":{"start":{"line":137,"column":22},"end":{"line":137,"column":23}},"loc":{"start":{"line":138,"column":12},"end":{"line":147,"column":14}},"line":138},"20":{"name":"(anonymous_20)","decl":{"start":{"line":155,"column":24},"end":{"line":155,"column":25}},"loc":{"start":{"line":155,"column":35},"end":{"line":155,"column":50}},"line":155}},"branchMap":{"0":{"loc":{"start":{"line":9,"column":24},"end":{"line":9,"column":79}},"type":"binary-expr","locations":[{"start":{"line":9,"column":24},"end":{"line":9,"column":73}},{"start":{"line":9,"column":77},"end":{"line":9,"column":79}}],"line":9},"1":{"loc":{"start":{"line":37,"column":4},"end":{"line":37,"column":26}},"type":"if","locations":[{"start":{"line":37,"column":4},"end":{"line":37,"column":26}},{"start":{},"end":{}}],"line":37},"2":{"loc":{"start":{"line":49,"column":4},"end":{"line":49,"column":27}},"type":"if","locations":[{"start":{"line":49,"column":4},"end":{"line":49,"column":27}},{"start":{},"end":{}}],"line":49},"3":{"loc":{"start":{"line":53,"column":4},"end":{"line":53,"column":27}},"type":"if","locations":[{"start":{"line":53,"column":4},"end":{"line":53,"column":27}},{"start":{},"end":{}}],"line":53},"4":{"loc":{"start":{"line":95,"column":4},"end":{"line":95,"column":29}},"type":"if","locations":[{"start":{"line":95,"column":4},"end":{"line":95,"column":29}},{"start":{},"end":{}}],"line":95},"5":{"loc":{"start":{"line":97,"column":4},"end":{"line":97,"column":29}},"type":"if","locations":[{"start":{"line":97,"column":4},"end":{"line":97,"column":29}},{"start":{},"end":{}}],"line":97},"6":{"loc":{"start":{"line":101,"column":4},"end":{"line":101,"column":29}},"type":"if","locations":[{"start":{"line":101,"column":4},"end":{"line":101,"column":29}},{"start":{},"end":{}}],"line":101},"7":{"loc":{"start":{"line":105,"column":4},"end":{"line":105,"column":29}},"type":"if","locations":[{"start":{"line":105,"column":4},"end":{"line":105,"column":29}},{"start":{},"end":{}}],"line":105},"8":{"loc":{"start":{"line":121,"column":4},"end":{"line":121,"column":27}},"type":"if","locations":[{"start":{"line":121,"column":4},"end":{"line":121,"column":27}},{"start":{},"end":{}}],"line":121},"9":{"loc":{"start":{"line":123,"column":4},"end":{"line":123,"column":27}},"type":"if","locations":[{"start":{"line":123,"column":4},"end":{"line":123,"column":27}},{"start":{},"end":{}}],"line":123}},"s":{"0":1,"1":1,"2":1,"3":1,"4":1,"5":1,"6":1,"7":0,"8":0,"9":0,"10":0,"11":0,"12":0,"13":0,"14":0,"15":1,"16":0,"17":0,"18":0,"19":0,"20":0,"21":0,"22":0,"23":0,"24":0,"25":0,"26":0,"27":1,"28":0,"29":1,"30":0,"31":0,"32":0,"33":1,"34":0,"35":1,"36":0,"37":0,"38":0,"39":0,"40":0,"41":0,"42":0,"43":0,"44":0,"45":0,"46":0,"47":0,"48":0,"49":0,"50":0,"51":0,"52":0,"53":0,"54":0,"55":0,"56":0,"57":1,"58":0,"59":0,"60":0,"61":0,"62":0,"63":0,"64":0,"65":0,"66":0,"67":0,"68":0,"69":1,"70":0,"71":0},"f":{"0":1,"1":1,"2":0,"3":0,"4":0,"5":0,"6":0,"7":0,"8":0,"9":0,"10":0,"11":0,"12":0,"13":0,"14":0,"15":0,"16":0,"17":0,"18":0,"19":0,"20":0},"b":{"0":[1,1],"1":[0,0],"2":[0,0],"3":[0,0],"4":[0,0],"5":[0,0],"6":[0,0],"7":[0,0],"8":[0,0],"9":[0,0]},"_coverageSchema":"1a1c01bbd47fc00a2c39e90264f33305004495a9","hash":"a915338ff7e09ef2e3de66f37d6110ff66da825e"}
,"/Users/mohitrchugh/Desktop/Files/Code/Trello/src/components/Card.js": {"path":"/Users/mohitrchugh/Desktop/Files/Code/Trello/src/components/Card.js","statementMap":{"0":{"start":{"line":11,"column":13},"end":{"line":76,"column":1}},"1":{"start":{"line":13,"column":36},"end":{"line":13,"column":51}},"2":{"start":{"line":15,"column":2},"end":{"line":75,"column":4}},"3":{"start":{"line":22,"column":25},"end":{"line":22,"column":44}},"4":{"start":{"line":31,"column":25},"end":{"line":31,"column":75}},"5":{"start":{"line":32,"column":27},"end":{"line":32,"column":79}},"6":{"start":{"line":33,"column":23},"end":{"line":33,"column":41}},"7":{"start":{"line":40,"column":14},"end":{"line":40,"column":74}},"8":{"start":{"line":46,"column":29},"end":{"line":46,"column":76}},"9":{"start":{"line":68,"column":51},"end":{"line":68,"column":65}}},"fnMap":{"0":{"name":"(anonymous_0)","decl":{"start":{"line":11,"column":13},"end":{"line":11,"column":14}},"loc":{"start":{"line":11,"column":24},"end":{"line":76,"column":1}},"line":11},"1":{"name":"(anonymous_1)","decl":{"start":{"line":22,"column":19},"end":{"line":22,"column":20}},"loc":{"start":{"line":22,"column":25},"end":{"line":22,"column":44}},"line":22},"2":{"name":"(anonymous_2)","decl":{"start":{"line":31,"column":19},"end":{"line":31,"column":20}},"loc":{"start":{"line":31,"column":25},"end":{"line":31,"column":75}},"line":31},"3":{"name":"(anonymous_3)","decl":{"start":{"line":32,"column":21},"end":{"line":32,"column":22}},"loc":{"start":{"line":32,"column":27},"end":{"line":32,"column":79}},"line":32},"4":{"name":"(anonymous_4)","decl":{"start":{"line":33,"column":17},"end":{"line":33,"column":18}},"loc":{"start":{"line":33,"column":23},"end":{"line":33,"column":41}},"line":33},"5":{"name":"(anonymous_5)","decl":{"start":{"line":39,"column":38},"end":{"line":39,"column":39}},"loc":{"start":{"line":40,"column":14},"end":{"line":40,"column":74}},"line":40},"6":{"name":"(anonymous_6)","decl":{"start":{"line":46,"column":23},"end":{"line":46,"column":24}},"loc":{"start":{"line":46,"column":29},"end":{"line":46,"column":76}},"line":46},"7":{"name":"(anonymous_7)","decl":{"start":{"line":68,"column":41},"end":{"line":68,"column":42}},"loc":{"start":{"line":68,"column":51},"end":{"line":68,"column":65}},"line":68}},"branchMap":{"0":{"loc":{"start":{"line":18,"column":7},"end":{"line":25,"column":7}},"type":"binary-expr","locations":[{"start":{"line":18,"column":7},"end":{"line":18,"column":16}},{"start":{"line":19,"column":8},"end":{"line":24,"column":10}}],"line":18},"1":{"loc":{"start":{"line":57,"column":11},"end":{"line":62,"column":11}},"type":"binary-expr","locations":[{"start":{"line":57,"column":11},"end":{"line":57,"column":27}},{"start":{"line":58,"column":12},"end":{"line":61,"column":16}}],"line":57},"2":{"loc":{"start":{"line":65,"column":11},"end":{"line":71,"column":11}},"type":"binary-expr","locations":[{"start":{"line":65,"column":11},"end":{"line":65,"column":40}},{"start":{"line":66,"column":12},"end":{"line":70,"column":16}}],"line":65}},"s":{"0":1,"1":0,"2":0,"3":0,"4":0,"5":0,"6":0,"7":0,"8":0,"9":0},"f":{"0":0,"1":0,"2":0,"3":0,"4":0,"5":0,"6":0,"7":0},"b":{"0":[0,0],"1":[0,0],"2":[0,0]},"_coverageSchema":"1a1c01bbd47fc00a2c39e90264f33305004495a9","hash":"4e6290c4d09ca494cc1ebc4e0742f4ff99c7edb9"}
,"/Users/mohitrchugh/Desktop/Files/Code/Trello/src/components/CardInfo.js": {"path":"/Users/mohitrchugh/Desktop/Files/Code/Trello/src/components/CardInfo.js","statementMap":{"0":{"start":{"line":14,"column":17},"end":{"line":243,"column":1}},"1":{"start":{"line":16,"column":40},"end":{"line":16,"column":52}},"2":{"start":{"line":19,"column":30},"end":{"line":19,"column":57}},"3":{"start":{"line":22,"column":30},"end":{"line":26,"column":3}},"4":{"start":{"line":23,"column":4},"end":{"line":23,"column":46}},"5":{"start":{"line":23,"column":35},"end":{"line":23,"column":46}},"6":{"start":{"line":24,"column":22},"end":{"line":24,"column":76}},"7":{"start":{"line":24,"column":53},"end":{"line":24,"column":67}},"8":{"start":{"line":25,"column":4},"end":{"line":25,"column":65}},"9":{"start":{"line":29,"column":19},"end":{"line":38,"column":3}},"10":{"start":{"line":30,"column":18},"end":{"line":30,"column":73}},"11":{"start":{"line":30,"column":53},"end":{"line":30,"column":72}},"12":{"start":{"line":31,"column":4},"end":{"line":31,"column":27}},"13":{"start":{"line":31,"column":20},"end":{"line":31,"column":27}},"14":{"start":{"line":32,"column":18},"end":{"line":35,"column":5}},"15":{"start":{"line":36,"column":4},"end":{"line":36,"column":64}},"16":{"start":{"line":37,"column":4},"end":{"line":37,"column":23}},"17":{"start":{"line":41,"column":22},"end":{"line":44,"column":3}},"18":{"start":{"line":42,"column":23},"end":{"line":42,"column":74}},"19":{"start":{"line":42,"column":55},"end":{"line":42,"column":73}},"20":{"start":{"line":43,"column":4},"end":{"line":43,"column":49}},"21":{"start":{"line":47,"column":18},"end":{"line":57,"column":3}},"22":{"start":{"line":48,"column":17},"end":{"line":52,"column":5}},"23":{"start":{"line":53,"column":4},"end":{"line":56,"column":7}},"24":{"start":{"line":60,"column":21},"end":{"line":66,"column":3}},"25":{"start":{"line":61,"column":25},"end":{"line":61,"column":71}},"26":{"start":{"line":61,"column":56},"end":{"line":61,"column":70}},"27":{"start":{"line":62,"column":4},"end":{"line":65,"column":7}},"28":{"start":{"line":69,"column":21},"end":{"line":76,"column":3}},"29":{"start":{"line":70,"column":18},"end":{"line":70,"column":67}},"30":{"start":{"line":70,"column":52},"end":{"line":70,"column":66}},"31":{"start":{"line":71,"column":4},"end":{"line":71,"column":26}},"32":{"start":{"line":71,"column":19},"end":{"line":71,"column":26}},"33":{"start":{"line":73,"column":22},"end":{"line":73,"column":39}},"34":{"start":{"line":74,"column":4},"end":{"line":74,"column":43}},"35":{"start":{"line":75,"column":4},"end":{"line":75,"column":47}},"36":{"start":{"line":79,"column":2},"end":{"line":89,"column":15}},"37":{"start":{"line":80,"column":4},"end":{"line":87,"column":13}},"38":{"start":{"line":87,"column":6},"end":{"line":87,"column":13}},"39":{"start":{"line":88,"column":4},"end":{"line":88,"column":59}},"40":{"start":{"line":91,"column":2},"end":{"line":242,"column":4}},"41":{"start":{"line":94,"column":28},"end":{"line":94,"column":43}},"42":{"start":{"line":109,"column":37},"end":{"line":109,"column":75}},"43":{"start":{"line":127,"column":37},"end":{"line":127,"column":74}},"44":{"start":{"line":148,"column":18},"end":{"line":148,"column":69}},"45":{"start":{"line":163,"column":16},"end":{"line":169,"column":18}},"46":{"start":{"line":165,"column":33},"end":{"line":165,"column":55}},"47":{"start":{"line":175,"column":16},"end":{"line":180,"column":18}},"48":{"start":{"line":179,"column":33},"end":{"line":179,"column":53}},"49":{"start":{"line":190,"column":37},"end":{"line":190,"column":65}},"50":{"start":{"line":212,"column":16},"end":{"line":225,"column":22}},"51":{"start":{"line":217,"column":22},"end":{"line":217,"column":63}},"52":{"start":{"line":223,"column":35},"end":{"line":223,"column":54}},"53":{"start":{"line":235,"column":37},"end":{"line":235,"column":51}}},"fnMap":{"0":{"name":"(anonymous_0)","decl":{"start":{"line":14,"column":17},"end":{"line":14,"column":18}},"loc":{"start":{"line":14,"column":28},"end":{"line":243,"column":1}},"line":14},"1":{"name":"(anonymous_1)","decl":{"start":{"line":22,"column":30},"end":{"line":22,"column":31}},"loc":{"start":{"line":22,"column":36},"end":{"line":26,"column":3}},"line":22},"2":{"name":"(anonymous_2)","decl":{"start":{"line":24,"column":43},"end":{"line":24,"column":44}},"loc":{"start":{"line":24,"column":53},"end":{"line":24,"column":67}},"line":24},"3":{"name":"(anonymous_3)","decl":{"start":{"line":29,"column":19},"end":{"line":29,"column":20}},"loc":{"start":{"line":29,"column":30},"end":{"line":38,"column":3}},"line":29},"4":{"name":"(anonymous_4)","decl":{"start":{"line":30,"column":43},"end":{"line":30,"column":44}},"loc":{"start":{"line":30,"column":53},"end":{"line":30,"column":72}},"line":30},"5":{"name":"(anonymous_5)","decl":{"start":{"line":41,"column":22},"end":{"line":41,"column":23}},"loc":{"start":{"line":41,"column":32},"end":{"line":44,"column":3}},"line":41},"6":{"name":"(anonymous_6)","decl":{"start":{"line":42,"column":45},"end":{"line":42,"column":46}},"loc":{"start":{"line":42,"column":55},"end":{"line":42,"column":73}},"line":42},"7":{"name":"(anonymous_7)","decl":{"start":{"line":47,"column":18},"end":{"line":47,"column":19}},"loc":{"start":{"line":47,"column":29},"end":{"line":57,"column":3}},"line":47},"8":{"name":"(anonymous_8)","decl":{"start":{"line":60,"column":21},"end":{"line":60,"column":22}},"loc":{"start":{"line":60,"column":29},"end":{"line":66,"column":3}},"line":60},"9":{"name":"(anonymous_9)","decl":{"start":{"line":61,"column":46},"end":{"line":61,"column":47}},"loc":{"start":{"line":61,"column":56},"end":{"line":61,"column":70}},"line":61},"10":{"name":"(anonymous_10)","decl":{"start":{"line":69,"column":21},"end":{"line":69,"column":22}},"loc":{"start":{"line":69,"column":40},"end":{"line":76,"column":3}},"line":69},"11":{"name":"(anonymous_11)","decl":{"start":{"line":70,"column":42},"end":{"line":70,"column":43}},"loc":{"start":{"line":70,"column":52},"end":{"line":70,"column":66}},"line":70},"12":{"name":"(anonymous_12)","decl":{"start":{"line":79,"column":12},"end":{"line":79,"column":13}},"loc":{"start":{"line":79,"column":18},"end":{"line":89,"column":3}},"line":79},"13":{"name":"(anonymous_13)","decl":{"start":{"line":94,"column":22},"end":{"line":94,"column":23}},"loc":{"start":{"line":94,"column":28},"end":{"line":94,"column":43}},"line":94},"14":{"name":"(anonymous_14)","decl":{"start":{"line":109,"column":26},"end":{"line":109,"column":27}},"loc":{"start":{"line":109,"column":37},"end":{"line":109,"column":75}},"line":109},"15":{"name":"(anonymous_15)","decl":{"start":{"line":127,"column":26},"end":{"line":127,"column":27}},"loc":{"start":{"line":127,"column":37},"end":{"line":127,"column":74}},"line":127},"16":{"name":"(anonymous_16)","decl":{"start":{"line":147,"column":26},"end":{"line":147,"column":27}},"loc":{"start":{"line":147,"column":37},"end":{"line":149,"column":17}},"line":147},"17":{"name":"(anonymous_17)","decl":{"start":{"line":162,"column":34},"end":{"line":162,"column":35}},"loc":{"start":{"line":163,"column":16},"end":{"line":169,"column":18}},"line":163},"18":{"name":"(anonymous_18)","decl":{"start":{"line":165,"column":27},"end":{"line":165,"column":28}},"loc":{"start":{"line":165,"column":33},"end":{"line":165,"column":55}},"line":165},"19":{"name":"(anonymous_19)","decl":{"start":{"line":174,"column":26},"end":{"line":174,"column":27}},"loc":{"start":{"line":175,"column":16},"end":{"line":180,"column":18}},"line":175},"20":{"name":"(anonymous_20)","decl":{"start":{"line":179,"column":27},"end":{"line":179,"column":28}},"loc":{"start":{"line":179,"column":33},"end":{"line":179,"column":53}},"line":179},"21":{"name":"(anonymous_21)","decl":{"start":{"line":190,"column":26},"end":{"line":190,"column":27}},"loc":{"start":{"line":190,"column":37},"end":{"line":190,"column":65}},"line":190},"22":{"name":"(anonymous_22)","decl":{"start":{"line":211,"column":33},"end":{"line":211,"column":34}},"loc":{"start":{"line":212,"column":16},"end":{"line":225,"column":22}},"line":212},"23":{"name":"(anonymous_23)","decl":{"start":{"line":216,"column":30},"end":{"line":216,"column":31}},"loc":{"start":{"line":217,"column":22},"end":{"line":217,"column":63}},"line":217},"24":{"name":"(anonymous_24)","decl":{"start":{"line":223,"column":29},"end":{"line":223,"column":30}},"loc":{"start":{"line":223,"column":35},"end":{"line":223,"column":54}},"line":223},"25":{"name":"(anonymous_25)","decl":{"start":{"line":235,"column":26},"end":{"line":235,"column":27}},"loc":{"start":{"line":235,"column":37},"end":{"line":235,"column":51}},"line":235}},"branchMap":{"0":{"loc":{"start":{"line":23,"column":4},"end":{"line":23,"column":46}},"type":"if","locations":[{"start":{"line":23,"column":4},"end":{"line":23,"column":46}},{"start":{},"end":{}}],"line":23},"1":{"loc":{"start":{"line":31,"column":4},"end":{"line":31,"column":27}},"type":"if","locations":[{"start":{"line":31,"column":4},"end":{"line":31,"column":27}},{"start":{},"end":{}}],"line":31},"2":{"loc":{"start":{"line":71,"column":4},"end":{"line":71,"column":26}},"type":"if","locations":[{"start":{"line":71,"column":4},"end":{"line":71,"column":26}},{"start":{},"end":{}}],"line":71},"3":{"loc":{"start":{"line":80,"column":4},"end":{"line":87,"column":13}},"type":"if","locations":[{"start":{"line":80,"column":4},"end":{"line":87,"column":13}},{"start":{},"end":{}}],"line":80},"4":{"loc":{"start":{"line":81,"column":6},"end":{"line":85,"column":56}},"type":"binary-expr","locations":[{"start":{"line":81,"column":6},"end":{"line":81,"column":40}},{"start":{"line":82,"column":6},"end":{"line":82,"column":38}},{"start":{"line":83,"column":6},"end":{"line":83,"column":38}},{"start":{"line":84,"column":6},"end":{"line":84,"column":57}},{"start":{"line":85,"column":6},"end":{"line":85,"column":56}}],"line":81},"5":{"loc":{"start":{"line":143,"column":18},"end":{"line":145,"column":24}},"type":"cond-expr","locations":[{"start":{"line":144,"column":22},"end":{"line":144,"column":71}},{"start":{"line":145,"column":22},"end":{"line":145,"column":24}}],"line":143},"6":{"loc":{"start":{"line":178,"column":29},"end":{"line":178,"column":65}},"type":"cond-expr","locations":[{"start":{"line":178,"column":52},"end":{"line":178,"column":60}},{"start":{"line":178,"column":63},"end":{"line":178,"column":65}}],"line":178}},"s":{"0":1,"1":0,"2":0,"3":0,"4":0,"5":0,"6":0,"7":0,"8":0,"9":0,"10":0,"11":0,"12":0,"13":0,"14":0,"15":0,"16":0,"17":0,"18":0,"19":0,"20":0,"21":0,"22":0,"23":0,"24":0,"25":0,"26":0,"27":0,"28":0,"29":0,"30":0,"31":0,"32":0,"33":0,"34":0,"35":0,"36":0,"37":0,"38":0,"39":0,"40":0,"41":0,"42":0,"43":0,"44":0,"45":0,"46":0,"47":0,"48":0,"49":0,"50":0,"51":0,"52":0,"53":0},"f":{"0":0,"1":0,"2":0,"3":0,"4":0,"5":0,"6":0,"7":0,"8":0,"9":0,"10":0,"11":0,"12":0,"13":0,"14":0,"15":0,"16":0,"17":0,"18":0,"19":0,"20":0,"21":0,"22":0,"23":0,"24":0,"25":0},"b":{"0":[0,0],"1":[0,0],"2":[0,0],"3":[0,0],"4":[0,0,0,0,0],"5":[0,0],"6":[0,0]},"_coverageSchema":"1a1c01bbd47fc00a2c39e90264f33305004495a9","hash":"71ed88f708e3309a2f1aec8e29d42068b8c17d62"}
,"/Users/mohitrchugh/Desktop/Files/Code/Trello/src/components/Header.js": {"path":"/Users/mohitrchugh/Desktop/Files/Code/Trello/src/components/Header.js","statementMap":{"0":{"start":{"line":10,"column":15},"end":{"line":36,"column":1}},"1":{"start":{"line":11,"column":2},"end":{"line":35,"column":4}}},"fnMap":{"0":{"name":"(anonymous_0)","decl":{"start":{"line":10,"column":15},"end":{"line":10,"column":16}},"loc":{"start":{"line":10,"column":21},"end":{"line":36,"column":1}},"line":10}},"branchMap":{},"s":{"0":1,"1":0},"f":{"0":0},"b":{},"_coverageSchema":"1a1c01bbd47fc00a2c39e90264f33305004495a9","hash":"03d949b4098330df34276c32890e60379c91b3dc"}
,"/Users/mohitrchugh/Desktop/Files/Code/Trello/src/components/Modal.js": {"path":"/Users/mohitrchugh/Desktop/Files/Code/Trello/src/components/Modal.js","statementMap":{"0":{"start":{"line":6,"column":14},"end":{"line":23,"column":1}},"1":{"start":{"line":7,"column":2},"end":{"line":22,"column":4}},"2":{"start":{"line":11,"column":22},"end":{"line":11,"column":58}},"3":{"start":{"line":16,"column":28},"end":{"line":16,"column":51}}},"fnMap":{"0":{"name":"(anonymous_0)","decl":{"start":{"line":6,"column":14},"end":{"line":6,"column":15}},"loc":{"start":{"line":6,"column":25},"end":{"line":23,"column":1}},"line":6},"1":{"name":"(anonymous_1)","decl":{"start":{"line":11,"column":15},"end":{"line":11,"column":16}},"loc":{"start":{"line":11,"column":22},"end":{"line":11,"column":58}},"line":11},"2":{"name":"(anonymous_2)","decl":{"start":{"line":16,"column":17},"end":{"line":16,"column":18}},"loc":{"start":{"line":16,"column":28},"end":{"line":16,"column":51}},"line":16}},"branchMap":{"0":{"loc":{"start":{"line":11,"column":22},"end":{"line":11,"column":58}},"type":"cond-expr","locations":[{"start":{"line":11,"column":38},"end":{"line":11,"column":53}},{"start":{"line":11,"column":56},"end":{"line":11,"column":58}}],"line":11}},"s":{"0":1,"1":0,"2":0,"3":0},"f":{"0":0,"1":0,"2":0},"b":{"0":[0,0]},"_coverageSchema":"1a1c01bbd47fc00a2c39e90264f33305004495a9","hash":"61379a59a19c59223a1e113b414a303b478916ec"}
,"/Users/mohitrchugh/Desktop/Files/Code/Trello/src/components/Priority.js": {"path":"/Users/mohitrchugh/Desktop/Files/Code/Trello/src/components/Priority.js","statementMap":{"0":{"start":{"line":7,"column":17},"end":{"line":23,"column":1}},"1":{"start":{"line":9,"column":42},"end":{"line":9,"column":47}},"2":{"start":{"line":11,"column":2},"end":{"line":22,"column":4}},"3":{"start":{"line":19,"column":43},"end":{"line":19,"column":67}}},"fnMap":{"0":{"name":"(anonymous_0)","decl":{"start":{"line":7,"column":17},"end":{"line":7,"column":18}},"loc":{"start":{"line":7,"column":28},"end":{"line":23,"column":1}},"line":7},"1":{"name":"(anonymous_1)","decl":{"start":{"line":19,"column":36},"end":{"line":19,"column":37}},"loc":{"start":{"line":19,"column":43},"end":{"line":19,"column":67}},"line":19}},"branchMap":{"0":{"loc":{"start":{"line":17,"column":7},"end":{"line":20,"column":7}},"type":"binary-expr","locations":[{"start":{"line":17,"column":7},"end":{"line":17,"column":12}},{"start":{"line":19,"column":8},"end":{"line":19,"column":72}}],"line":17},"1":{"loc":{"start":{"line":19,"column":43},"end":{"line":19,"column":67}},"type":"cond-expr","locations":[{"start":{"line":19,"column":53},"end":{"line":19,"column":62}},{"start":{"line":19,"column":65},"end":{"line":19,"column":67}}],"line":19}},"s":{"0":1,"1":0,"2":0,"3":0},"f":{"0":0,"1":0},"b":{"0":[0,0],"1":[0,0]},"_coverageSchema":"1a1c01bbd47fc00a2c39e90264f33305004495a9","hash":"d6fda0182ab8609927f19d75d945ad399ffab71d"}
,"/Users/mohitrchugh/Desktop/Files/Code/Trello/src/utils/Constants.js": {"path":"/Users/mohitrchugh/Desktop/Files/Code/Trello/src/utils/Constants.js","statementMap":{"0":{"start":{"line":1,"column":22},"end":{"line":9,"column":1}},"1":{"start":{"line":11,"column":21},"end":{"line":44,"column":1}}},"fnMap":{},"branchMap":{},"s":{"0":1,"1":1},"f":{},"b":{},"_coverageSchema":"1a1c01bbd47fc00a2c39e90264f33305004495a9","hash":"1128d2d510b782ed4a8777a70e06cb8e6826cb36"}
,"/Users/mohitrchugh/Desktop/Files/Code/Trello/src/utils/Icons.js": {"path":"/Users/mohitrchugh/Desktop/Files/Code/Trello/src/utils/Icons.js","statementMap":{},"fnMap":{},"branchMap":{},"s":{},"f":{},"b":{},"_coverageSchema":"1a1c01bbd47fc00a2c39e90264f33305004495a9","hash":"6f4039345686069c867d2e0c5887ad711824cd5a"}
}
